0 info it worked if it ends with ok
1 verbose cli [ 'C:\\Program Files\\nodejs\\node.exe',
1 verbose cli   'C:\\Program Files\\nodejs\\node_modules\\npm\\bin\\npm-cli.js',
1 verbose cli   'start' ]
2 info using npm@3.10.10
3 info using node@v6.10.0
4 verbose run-script [ 'prestart', 'start', 'poststart' ]
5 info lifecycle tarefas-api@0.0.1~prestart: tarefas-api@0.0.1
6 silly lifecycle tarefas-api@0.0.1~prestart: no script for prestart, continuing
7 info lifecycle tarefas-api@0.0.1~start: tarefas-api@0.0.1
8 verbose lifecycle tarefas-api@0.0.1~start: unsafe-perm in lifecycle true
9 verbose lifecycle tarefas-api@0.0.1~start: PATH: C:\Program Files\nodejs\node_modules\npm\bin\node-gyp-bin;C:\Users\20171011110041\Desktop\toclone\2019-behappy-api\node_modules\.bin;C:\ProgramData\DockerDesktop\version-bin;C:\Program Files\Docker\Docker\Resources\bin;C:\Program Files (x86)\Common Files\Oracle\Java\javapath;C:\Program Files (x86)\Python36-32\Scripts\;C:\Program Files (x86)\Python36-32\;C:\ProgramData\Oracle\Java\javapath;C:\WINDOWS\system32;C:\WINDOWS;C:\WINDOWS\System32\Wbem;C:\WINDOWS\System32\WindowsPowerShell\v1.0\;C:\Program Files\nodejs\;C:\Program Files\PuTTY\;C:\Program Files\LLVM\bin;C:\Program Files\Microsoft SQL Server\130\Tools\Binn\;C:\Program Files\dotnet\;C:\Potigol\;C:\Program Files (x86)\scala\bin;C:\Program Files\Microsoft SQL Server\Client SDK\ODBC\130\Tools\Binn\;C:\Program Files (x86)\Microsoft SQL Server\140\Tools\Binn\;C:\Program Files\Microsoft SQL Server\140\Tools\Binn\;C:\Program Files\Microsoft SQL Server\140\DTS\Binn\;C:\Program Files (x86)\Microsoft SQL Server\Client SDK\ODBC\130\Tools\Binn\;C:\Program Files (x86)\Microsoft SQL Server\140\DTS\Binn\;C:\Program Files (x86)\Microsoft SQL Server\140\Tools\Binn\ManagementStudio\;C:\Program Files\MySQL\MySQL Utilities 1.6\;C:\WINDOWS\System32\OpenSSH\;C:\Program Files (x86)\Kaspersky Lab\Kaspersky Endpoint Security for Windows\;C:\Program Files\Git\cmd;C:\Users\20171011110041\AppData\Local\Microsoft\WindowsApps;
10 verbose lifecycle tarefas-api@0.0.1~start: CWD: C:\Users\20171011110041\Desktop\toclone\2019-behappy-api
11 silly lifecycle tarefas-api@0.0.1~start: Args: [ '/d /s /c', 'node bootstrap' ]
12 silly lifecycle tarefas-api@0.0.1~start: Returned: code: 1  signal: null
13 info lifecycle tarefas-api@0.0.1~start: Failed to exec start script
14 verbose stack Error: tarefas-api@0.0.1 start: `node bootstrap`
14 verbose stack Exit status 1
14 verbose stack     at EventEmitter.<anonymous> (C:\Program Files\nodejs\node_modules\npm\lib\utils\lifecycle.js:255:16)
14 verbose stack     at emitTwo (events.js:106:13)
14 verbose stack     at EventEmitter.emit (events.js:191:7)
14 verbose stack     at ChildProcess.<anonymous> (C:\Program Files\nodejs\node_modules\npm\lib\utils\spawn.js:40:14)
14 verbose stack     at emitTwo (events.js:106:13)
14 verbose stack     at ChildProcess.emit (events.js:191:7)
14 verbose stack     at maybeClose (internal/child_process.js:877:16)
14 verbose stack     at Process.ChildProcess._handle.onexit (internal/child_process.js:226:5)
15 verbose pkgid tarefas-api@0.0.1
16 verbose cwd C:\Users\20171011110041\Desktop\toclone\2019-behappy-api
17 error Windows_NT 10.0.17763
18 error argv "C:\\Program Files\\nodejs\\node.exe" "C:\\Program Files\\nodejs\\node_modules\\npm\\bin\\npm-cli.js" "start"
19 error node v6.10.0
20 error npm  v3.10.10
21 error code ELIFECYCLE
22 error tarefas-api@0.0.1 start: `node bootstrap`
22 error Exit status 1
23 error Failed at the tarefas-api@0.0.1 start script 'node bootstrap'.
23 error Make sure you have the latest version of node.js and npm installed.
23 error If you do, this is most likely a problem with the tarefas-api package,
23 error not with npm itself.
23 error Tell the author that this fails on your system:
23 error     node bootstrap
23 error You can get information on how to open an issue for this project with:
23 error     npm bugs tarefas-api
23 error Or if that isn't available, you can get their info via:
23 error     npm owner ls tarefas-api
23 error There is likely additional logging output above.
24 verbose exit [ 1, true ]
